{"/home/jesse/Springboard/Projects/Unit37Jobly/app.js": {"path":"/home/jesse/Springboard/Projects/Unit37Jobly/app.js","statementMap":{"0":{"start":{"line":5,"column":16},"end":{"line":5,"column":34}},"1":{"start":{"line":6,"column":13},"end":{"line":6,"column":28}},"2":{"start":{"line":8,"column":26},"end":{"line":8,"column":51}},"3":{"start":{"line":10,"column":28},"end":{"line":10,"column":56}},"4":{"start":{"line":11,"column":19},"end":{"line":11,"column":43}},"5":{"start":{"line":12,"column":24},"end":{"line":12,"column":53}},"6":{"start":{"line":13,"column":20},"end":{"line":13,"column":45}},"7":{"start":{"line":15,"column":15},"end":{"line":15,"column":32}},"8":{"start":{"line":17,"column":12},"end":{"line":17,"column":21}},"9":{"start":{"line":19,"column":0},"end":{"line":19,"column":16}},"10":{"start":{"line":20,"column":0},"end":{"line":20,"column":24}},"11":{"start":{"line":21,"column":0},"end":{"line":21,"column":24}},"12":{"start":{"line":22,"column":0},"end":{"line":22,"column":25}},"13":{"start":{"line":24,"column":0},"end":{"line":24,"column":29}},"14":{"start":{"line":25,"column":0},"end":{"line":25,"column":39}},"15":{"start":{"line":26,"column":0},"end":{"line":26,"column":31}},"16":{"start":{"line":30,"column":0},"end":{"line":32,"column":3}},"17":{"start":{"line":31,"column":2},"end":{"line":31,"column":35}},"18":{"start":{"line":35,"column":0},"end":{"line":43,"column":3}},"19":{"start":{"line":36,"column":2},"end":{"line":36,"column":64}},"20":{"start":{"line":36,"column":39},"end":{"line":36,"column":64}},"21":{"start":{"line":37,"column":17},"end":{"line":37,"column":34}},"22":{"start":{"line":38,"column":18},"end":{"line":38,"column":29}},"23":{"start":{"line":40,"column":2},"end":{"line":42,"column":5}},"24":{"start":{"line":45,"column":0},"end":{"line":45,"column":21}}},"fnMap":{"0":{"name":"(anonymous_0)","decl":{"start":{"line":30,"column":8},"end":{"line":30,"column":9}},"loc":{"start":{"line":30,"column":34},"end":{"line":32,"column":1}},"line":30},"1":{"name":"(anonymous_1)","decl":{"start":{"line":35,"column":8},"end":{"line":35,"column":9}},"loc":{"start":{"line":35,"column":39},"end":{"line":43,"column":1}},"line":35}},"branchMap":{"0":{"loc":{"start":{"line":36,"column":2},"end":{"line":36,"column":64}},"type":"if","locations":[{"start":{"line":36,"column":2},"end":{"line":36,"column":64}},{"start":{},"end":{}}],"line":36},"1":{"loc":{"start":{"line":37,"column":17},"end":{"line":37,"column":34}},"type":"binary-expr","locations":[{"start":{"line":37,"column":17},"end":{"line":37,"column":27}},{"start":{"line":37,"column":31},"end":{"line":37,"column":34}}],"line":37}},"s":{"0":4,"1":4,"2":4,"3":4,"4":4,"5":4,"6":4,"7":4,"8":4,"9":4,"10":4,"11":4,"12":4,"13":4,"14":4,"15":4,"16":4,"17":2,"18":4,"19":38,"20":1,"21":38,"22":38,"23":38,"24":4},"f":{"0":2,"1":38},"b":{"0":[1,37],"1":[38,2]},"_coverageSchema":"1a1c01bbd47fc00a2c39e90264f33305004495a9","hash":"bc4c581ea8e270f75068e2bcc5bedc38a6ff7555"}
,"/home/jesse/Springboard/Projects/Unit37Jobly/config.js": {"path":"/home/jesse/Springboard/Projects/Unit37Jobly/config.js","statementMap":{"0":{"start":{"line":5,"column":0},"end":{"line":5,"column":27}},"1":{"start":{"line":6,"column":0},"end":{"line":6,"column":18}},"2":{"start":{"line":8,"column":19},"end":{"line":8,"column":57}},"3":{"start":{"line":10,"column":13},"end":{"line":10,"column":38}},"4":{"start":{"line":14,"column":2},"end":{"line":16,"column":44}},"5":{"start":{"line":22,"column":27},"end":{"line":22,"column":67}},"6":{"start":{"line":24,"column":0},"end":{"line":24,"column":35}},"7":{"start":{"line":25,"column":0},"end":{"line":25,"column":46}},"8":{"start":{"line":26,"column":0},"end":{"line":26,"column":45}},"9":{"start":{"line":27,"column":0},"end":{"line":27,"column":61}},"10":{"start":{"line":28,"column":0},"end":{"line":28,"column":50}},"11":{"start":{"line":29,"column":0},"end":{"line":29,"column":19}},"12":{"start":{"line":31,"column":0},"end":{"line":36,"column":2}}},"fnMap":{"0":{"name":"getDatabaseUri","decl":{"start":{"line":13,"column":9},"end":{"line":13,"column":23}},"loc":{"start":{"line":13,"column":26},"end":{"line":17,"column":1}},"line":13}},"branchMap":{"0":{"loc":{"start":{"line":8,"column":19},"end":{"line":8,"column":57}},"type":"binary-expr","locations":[{"start":{"line":8,"column":19},"end":{"line":8,"column":41}},{"start":{"line":8,"column":45},"end":{"line":8,"column":57}}],"line":8},"1":{"loc":{"start":{"line":10,"column":13},"end":{"line":10,"column":38}},"type":"binary-expr","locations":[{"start":{"line":10,"column":13},"end":{"line":10,"column":30}},{"start":{"line":10,"column":34},"end":{"line":10,"column":38}}],"line":10},"2":{"loc":{"start":{"line":14,"column":9},"end":{"line":16,"column":43}},"type":"cond-expr","locations":[{"start":{"line":15,"column":8},"end":{"line":15,"column":20}},{"start":{"line":16,"column":8},"end":{"line":16,"column":43}}],"line":14},"3":{"loc":{"start":{"line":16,"column":8},"end":{"line":16,"column":43}},"type":"binary-expr","locations":[{"start":{"line":16,"column":8},"end":{"line":16,"column":32}},{"start":{"line":16,"column":36},"end":{"line":16,"column":43}}],"line":16},"4":{"loc":{"start":{"line":22,"column":27},"end":{"line":22,"column":67}},"type":"cond-expr","locations":[{"start":{"line":22,"column":61},"end":{"line":22,"column":62}},{"start":{"line":22,"column":65},"end":{"line":22,"column":67}}],"line":22}},"s":{"0":9,"1":9,"2":9,"3":9,"4":18,"5":9,"6":9,"7":9,"8":9,"9":9,"10":9,"11":9,"12":9},"f":{"0":18},"b":{"0":[9,8],"1":[9,8],"2":[15,3],"3":[3,1],"4":[8,1]},"_coverageSchema":"1a1c01bbd47fc00a2c39e90264f33305004495a9","hash":"9cd5ea8984cb0440ab1a14a4eb2734c3d874764c"}
,"/home/jesse/Springboard/Projects/Unit37Jobly/db.js": {"path":"/home/jesse/Springboard/Projects/Unit37Jobly/db.js","statementMap":{"0":{"start":{"line":3,"column":19},"end":{"line":3,"column":32}},"1":{"start":{"line":4,"column":27},"end":{"line":4,"column":46}},"2":{"start":{"line":8,"column":0},"end":{"line":19,"column":1}},"3":{"start":{"line":9,"column":2},"end":{"line":14,"column":5}},"4":{"start":{"line":16,"column":2},"end":{"line":18,"column":5}},"5":{"start":{"line":21,"column":0},"end":{"line":21,"column":13}},"6":{"start":{"line":23,"column":0},"end":{"line":23,"column":20}}},"fnMap":{},"branchMap":{"0":{"loc":{"start":{"line":8,"column":0},"end":{"line":19,"column":1}},"type":"if","locations":[{"start":{"line":8,"column":0},"end":{"line":19,"column":1}},{"start":{"line":15,"column":7},"end":{"line":19,"column":1}}],"line":8}},"s":{"0":6,"1":6,"2":6,"3":0,"4":6,"5":6,"6":6},"f":{},"b":{"0":[0,6]},"_coverageSchema":"1a1c01bbd47fc00a2c39e90264f33305004495a9","hash":"b95b09fc55bd2c831c63e712cd3e64721089cfe9"}
,"/home/jesse/Springboard/Projects/Unit37Jobly/expressError.js": {"path":"/home/jesse/Springboard/Projects/Unit37Jobly/expressError.js","statementMap":{"0":{"start":{"line":9,"column":4},"end":{"line":9,"column":12}},"1":{"start":{"line":10,"column":4},"end":{"line":10,"column":27}},"2":{"start":{"line":11,"column":4},"end":{"line":11,"column":25}},"3":{"start":{"line":19,"column":4},"end":{"line":19,"column":24}},"4":{"start":{"line":27,"column":4},"end":{"line":27,"column":24}},"5":{"start":{"line":35,"column":4},"end":{"line":35,"column":24}},"6":{"start":{"line":43,"column":4},"end":{"line":43,"column":24}},"7":{"start":{"line":47,"column":0},"end":{"line":53,"column":2}}},"fnMap":{"0":{"name":"(anonymous_0)","decl":{"start":{"line":8,"column":2},"end":{"line":8,"column":3}},"loc":{"start":{"line":8,"column":31},"end":{"line":12,"column":3}},"line":8},"1":{"name":"(anonymous_1)","decl":{"start":{"line":18,"column":2},"end":{"line":18,"column":3}},"loc":{"start":{"line":18,"column":37},"end":{"line":20,"column":3}},"line":18},"2":{"name":"(anonymous_2)","decl":{"start":{"line":26,"column":2},"end":{"line":26,"column":3}},"loc":{"start":{"line":26,"column":40},"end":{"line":28,"column":3}},"line":26},"3":{"name":"(anonymous_3)","decl":{"start":{"line":34,"column":2},"end":{"line":34,"column":3}},"loc":{"start":{"line":34,"column":39},"end":{"line":36,"column":3}},"line":34},"4":{"name":"(anonymous_4)","decl":{"start":{"line":42,"column":2},"end":{"line":42,"column":3}},"loc":{"start":{"line":42,"column":39},"end":{"line":44,"column":3}},"line":42}},"branchMap":{"0":{"loc":{"start":{"line":18,"column":14},"end":{"line":18,"column":35}},"type":"default-arg","locations":[{"start":{"line":18,"column":24},"end":{"line":18,"column":35}}],"line":18},"1":{"loc":{"start":{"line":26,"column":14},"end":{"line":26,"column":38}},"type":"default-arg","locations":[{"start":{"line":26,"column":24},"end":{"line":26,"column":38}}],"line":26},"2":{"loc":{"start":{"line":34,"column":14},"end":{"line":34,"column":37}},"type":"default-arg","locations":[{"start":{"line":34,"column":24},"end":{"line":34,"column":37}}],"line":34},"3":{"loc":{"start":{"line":42,"column":14},"end":{"line":42,"column":37}},"type":"default-arg","locations":[{"start":{"line":42,"column":24},"end":{"line":42,"column":37}}],"line":42}},"s":{"0":51,"1":51,"2":51,"3":14,"4":20,"5":16,"6":0,"7":8},"f":{"0":51,"1":14,"2":20,"3":16,"4":0},"b":{"0":[2],"1":[16],"2":[0],"3":[0]},"_coverageSchema":"1a1c01bbd47fc00a2c39e90264f33305004495a9","hash":"7ad6428cf8f4cf895bfb5c04190f0f2bc3ead04b"}
,"/home/jesse/Springboard/Projects/Unit37Jobly/helpers/sql.js": {"path":"/home/jesse/Springboard/Projects/Unit37Jobly/helpers/sql.js","statementMap":{"0":{"start":{"line":1,"column":28},"end":{"line":1,"column":54}},"1":{"start":{"line":27,"column":15},"end":{"line":27,"column":40}},"2":{"start":{"line":28,"column":2},"end":{"line":28,"column":62}},"3":{"start":{"line":28,"column":25},"end":{"line":28,"column":62}},"4":{"start":{"line":31,"column":15},"end":{"line":33,"column":3}},"5":{"start":{"line":32,"column":22},"end":{"line":32,"column":68}},"6":{"start":{"line":35,"column":2},"end":{"line":38,"column":4}},"7":{"start":{"line":51,"column":15},"end":{"line":51,"column":31}},"8":{"start":{"line":52,"column":23},"end":{"line":52,"column":53}},"9":{"start":{"line":53,"column":23},"end":{"line":53,"column":53}},"10":{"start":{"line":54,"column":2},"end":{"line":56,"column":3}},"11":{"start":{"line":55,"column":4},"end":{"line":55,"column":70}},"12":{"start":{"line":57,"column":2},"end":{"line":59,"column":3}},"13":{"start":{"line":58,"column":4},"end":{"line":58,"column":70}},"14":{"start":{"line":60,"column":2},"end":{"line":67,"column":3}},"15":{"start":{"line":61,"column":4},"end":{"line":66,"column":5}},"16":{"start":{"line":62,"column":6},"end":{"line":65,"column":8}},"17":{"start":{"line":68,"column":21},"end":{"line":68,"column":23}},"18":{"start":{"line":69,"column":2},"end":{"line":71,"column":3}},"19":{"start":{"line":70,"column":4},"end":{"line":70,"column":46}},"20":{"start":{"line":72,"column":2},"end":{"line":74,"column":3}},"21":{"start":{"line":73,"column":4},"end":{"line":73,"column":56}},"22":{"start":{"line":75,"column":2},"end":{"line":77,"column":3}},"23":{"start":{"line":76,"column":4},"end":{"line":76,"column":56}},"24":{"start":{"line":78,"column":20},"end":{"line":78,"column":44}},"25":{"start":{"line":79,"column":2},"end":{"line":79,"column":19}},"26":{"start":{"line":82,"column":0},"end":{"line":82,"column":61}}},"fnMap":{"0":{"name":"sqlForPartialUpdate","decl":{"start":{"line":26,"column":9},"end":{"line":26,"column":28}},"loc":{"start":{"line":26,"column":52},"end":{"line":39,"column":1}},"line":26},"1":{"name":"(anonymous_1)","decl":{"start":{"line":32,"column":4},"end":{"line":32,"column":5}},"loc":{"start":{"line":32,"column":22},"end":{"line":32,"column":68}},"line":32},"2":{"name":"createSqlFilterStr","decl":{"start":{"line":50,"column":9},"end":{"line":50,"column":27}},"loc":{"start":{"line":50,"column":37},"end":{"line":80,"column":1}},"line":50}},"branchMap":{"0":{"loc":{"start":{"line":28,"column":2},"end":{"line":28,"column":62}},"type":"if","locations":[{"start":{"line":28,"column":2},"end":{"line":28,"column":62}},{"start":{},"end":{}}],"line":28},"1":{"loc":{"start":{"line":32,"column":26},"end":{"line":32,"column":53}},"type":"binary-expr","locations":[{"start":{"line":32,"column":26},"end":{"line":32,"column":42}},{"start":{"line":32,"column":46},"end":{"line":32,"column":53}}],"line":32},"2":{"loc":{"start":{"line":54,"column":2},"end":{"line":56,"column":3}},"type":"if","locations":[{"start":{"line":54,"column":2},"end":{"line":56,"column":3}},{"start":{},"end":{}}],"line":54},"3":{"loc":{"start":{"line":54,"column":6},"end":{"line":54,"column":43}},"type":"binary-expr","locations":[{"start":{"line":54,"column":6},"end":{"line":54,"column":26}},{"start":{"line":54,"column":30},"end":{"line":54,"column":43}}],"line":54},"4":{"loc":{"start":{"line":57,"column":2},"end":{"line":59,"column":3}},"type":"if","locations":[{"start":{"line":57,"column":2},"end":{"line":59,"column":3}},{"start":{},"end":{}}],"line":57},"5":{"loc":{"start":{"line":57,"column":6},"end":{"line":57,"column":43}},"type":"binary-expr","locations":[{"start":{"line":57,"column":6},"end":{"line":57,"column":26}},{"start":{"line":57,"column":30},"end":{"line":57,"column":43}}],"line":57},"6":{"loc":{"start":{"line":60,"column":2},"end":{"line":67,"column":3}},"type":"if","locations":[{"start":{"line":60,"column":2},"end":{"line":67,"column":3}},{"start":{},"end":{}}],"line":60},"7":{"loc":{"start":{"line":60,"column":6},"end":{"line":60,"column":34}},"type":"binary-expr","locations":[{"start":{"line":60,"column":6},"end":{"line":60,"column":18}},{"start":{"line":60,"column":22},"end":{"line":60,"column":34}}],"line":60},"8":{"loc":{"start":{"line":61,"column":4},"end":{"line":66,"column":5}},"type":"if","locations":[{"start":{"line":61,"column":4},"end":{"line":66,"column":5}},{"start":{},"end":{}}],"line":61},"9":{"loc":{"start":{"line":69,"column":2},"end":{"line":71,"column":3}},"type":"if","locations":[{"start":{"line":69,"column":2},"end":{"line":71,"column":3}},{"start":{},"end":{}}],"line":69},"10":{"loc":{"start":{"line":72,"column":2},"end":{"line":74,"column":3}},"type":"if","locations":[{"start":{"line":72,"column":2},"end":{"line":74,"column":3}},{"start":{},"end":{}}],"line":72},"11":{"loc":{"start":{"line":75,"column":2},"end":{"line":77,"column":3}},"type":"if","locations":[{"start":{"line":75,"column":2},"end":{"line":77,"column":3}},{"start":{},"end":{}}],"line":75}},"s":{"0":7,"1":16,"2":16,"3":3,"4":13,"5":25,"6":13,"7":9,"8":9,"9":9,"10":9,"11":0,"12":9,"13":0,"14":9,"15":5,"16":0,"17":9,"18":9,"19":8,"20":9,"21":7,"22":9,"23":5,"24":9,"25":9,"26":7},"f":{"0":16,"1":25,"2":9},"b":{"0":[3,13],"1":[25,11],"2":[0,9],"3":[9,7],"4":[0,9],"5":[9,5],"6":[5,4],"7":[9,7],"8":[0,5],"9":[8,1],"10":[7,2],"11":[5,4]},"_coverageSchema":"1a1c01bbd47fc00a2c39e90264f33305004495a9","hash":"c44112545e8e2e6d12eeb43a62ec993287627383"}
,"/home/jesse/Springboard/Projects/Unit37Jobly/helpers/tokens.js": {"path":"/home/jesse/Springboard/Projects/Unit37Jobly/helpers/tokens.js","statementMap":{"0":{"start":{"line":1,"column":12},"end":{"line":1,"column":35}},"1":{"start":{"line":2,"column":23},"end":{"line":2,"column":43}},"2":{"start":{"line":7,"column":2},"end":{"line":8,"column":58}},"3":{"start":{"line":10,"column":16},"end":{"line":13,"column":3}},"4":{"start":{"line":15,"column":2},"end":{"line":15,"column":39}},"5":{"start":{"line":18,"column":0},"end":{"line":18,"column":33}}},"fnMap":{"0":{"name":"createToken","decl":{"start":{"line":6,"column":9},"end":{"line":6,"column":20}},"loc":{"start":{"line":6,"column":27},"end":{"line":16,"column":1}},"line":6}},"branchMap":{"0":{"loc":{"start":{"line":12,"column":13},"end":{"line":12,"column":34}},"type":"binary-expr","locations":[{"start":{"line":12,"column":13},"end":{"line":12,"column":25}},{"start":{"line":12,"column":29},"end":{"line":12,"column":34}}],"line":12}},"s":{"0":5,"1":5,"2":13,"3":13,"4":13,"5":5},"f":{"0":13},"b":{"0":[13,7]},"_coverageSchema":"1a1c01bbd47fc00a2c39e90264f33305004495a9","hash":"6a19d3e0b06efb71d3f070a782e38e7c73a300a6"}
,"/home/jesse/Springboard/Projects/Unit37Jobly/middleware/auth.js": {"path":"/home/jesse/Springboard/Projects/Unit37Jobly/middleware/auth.js","statementMap":{"0":{"start":{"line":5,"column":12},"end":{"line":5,"column":35}},"1":{"start":{"line":6,"column":23},"end":{"line":6,"column":43}},"2":{"start":{"line":7,"column":30},"end":{"line":7,"column":56}},"3":{"start":{"line":18,"column":2},"end":{"line":27,"column":3}},"4":{"start":{"line":19,"column":23},"end":{"line":19,"column":63}},"5":{"start":{"line":20,"column":4},"end":{"line":23,"column":5}},"6":{"start":{"line":21,"column":20},"end":{"line":21,"column":64}},"7":{"start":{"line":22,"column":6},"end":{"line":22,"column":54}},"8":{"start":{"line":24,"column":4},"end":{"line":24,"column":18}},"9":{"start":{"line":26,"column":4},"end":{"line":26,"column":18}},"10":{"start":{"line":36,"column":2},"end":{"line":41,"column":3}},"11":{"start":{"line":37,"column":4},"end":{"line":37,"column":56}},"12":{"start":{"line":37,"column":26},"end":{"line":37,"column":56}},"13":{"start":{"line":38,"column":4},"end":{"line":38,"column":18}},"14":{"start":{"line":40,"column":4},"end":{"line":40,"column":21}},"15":{"start":{"line":50,"column":2},"end":{"line":56,"column":3}},"16":{"start":{"line":51,"column":4},"end":{"line":51,"column":56}},"17":{"start":{"line":51,"column":26},"end":{"line":51,"column":56}},"18":{"start":{"line":52,"column":4},"end":{"line":52,"column":64}},"19":{"start":{"line":52,"column":34},"end":{"line":52,"column":64}},"20":{"start":{"line":53,"column":4},"end":{"line":53,"column":18}},"21":{"start":{"line":55,"column":4},"end":{"line":55,"column":21}},"22":{"start":{"line":59,"column":0},"end":{"line":63,"column":2}}},"fnMap":{"0":{"name":"authenticateJWT","decl":{"start":{"line":17,"column":9},"end":{"line":17,"column":24}},"loc":{"start":{"line":17,"column":41},"end":{"line":28,"column":1}},"line":17},"1":{"name":"ensureLoggedIn","decl":{"start":{"line":35,"column":9},"end":{"line":35,"column":23}},"loc":{"start":{"line":35,"column":40},"end":{"line":42,"column":1}},"line":35},"2":{"name":"ensureIsAdmin","decl":{"start":{"line":49,"column":9},"end":{"line":49,"column":22}},"loc":{"start":{"line":49,"column":39},"end":{"line":57,"column":1}},"line":49}},"branchMap":{"0":{"loc":{"start":{"line":19,"column":23},"end":{"line":19,"column":63}},"type":"binary-expr","locations":[{"start":{"line":19,"column":23},"end":{"line":19,"column":34}},{"start":{"line":19,"column":38},"end":{"line":19,"column":63}}],"line":19},"1":{"loc":{"start":{"line":20,"column":4},"end":{"line":23,"column":5}},"type":"if","locations":[{"start":{"line":20,"column":4},"end":{"line":23,"column":5}},{"start":{},"end":{}}],"line":20},"2":{"loc":{"start":{"line":37,"column":4},"end":{"line":37,"column":56}},"type":"if","locations":[{"start":{"line":37,"column":4},"end":{"line":37,"column":56}},{"start":{},"end":{}}],"line":37},"3":{"loc":{"start":{"line":51,"column":4},"end":{"line":51,"column":56}},"type":"if","locations":[{"start":{"line":51,"column":4},"end":{"line":51,"column":56}},{"start":{},"end":{}}],"line":51},"4":{"loc":{"start":{"line":52,"column":4},"end":{"line":52,"column":64}},"type":"if","locations":[{"start":{"line":52,"column":4},"end":{"line":52,"column":64}},{"start":{},"end":{}}],"line":52}},"s":{"0":5,"1":5,"2":5,"3":62,"4":62,"5":62,"6":37,"7":37,"8":61,"9":1,"10":19,"11":19,"12":4,"13":15,"14":4,"15":24,"16":24,"17":4,"18":20,"19":5,"20":15,"21":9,"22":5},"f":{"0":62,"1":19,"2":24},"b":{"0":[62,61],"1":[37,25],"2":[4,15],"3":[4,20],"4":[5,15]},"_coverageSchema":"1a1c01bbd47fc00a2c39e90264f33305004495a9","hash":"df7825f4a95081ccf1bb160ae4bf1b7985a5be59"}
,"/home/jesse/Springboard/Projects/Unit37Jobly/models/_testCommon.js": {"path":"/home/jesse/Springboard/Projects/Unit37Jobly/models/_testCommon.js","statementMap":{"0":{"start":{"line":1,"column":15},"end":{"line":1,"column":32}},"1":{"start":{"line":3,"column":11},"end":{"line":3,"column":30}},"2":{"start":{"line":4,"column":31},"end":{"line":4,"column":51}},"3":{"start":{"line":8,"column":2},"end":{"line":8,"column":42}},"4":{"start":{"line":10,"column":2},"end":{"line":10,"column":38}},"5":{"start":{"line":12,"column":2},"end":{"line":16,"column":55}},"6":{"start":{"line":18,"column":2},"end":{"line":30,"column":9}},"7":{"start":{"line":34,"column":2},"end":{"line":34,"column":26}},"8":{"start":{"line":38,"column":2},"end":{"line":38,"column":29}},"9":{"start":{"line":42,"column":2},"end":{"line":42,"column":17}},"10":{"start":{"line":46,"column":0},"end":{"line":51,"column":2}}},"fnMap":{"0":{"name":"commonBeforeAll","decl":{"start":{"line":6,"column":15},"end":{"line":6,"column":30}},"loc":{"start":{"line":6,"column":33},"end":{"line":31,"column":1}},"line":6},"1":{"name":"commonBeforeEach","decl":{"start":{"line":33,"column":15},"end":{"line":33,"column":31}},"loc":{"start":{"line":33,"column":34},"end":{"line":35,"column":1}},"line":33},"2":{"name":"commonAfterEach","decl":{"start":{"line":37,"column":15},"end":{"line":37,"column":30}},"loc":{"start":{"line":37,"column":33},"end":{"line":39,"column":1}},"line":37},"3":{"name":"commonAfterAll","decl":{"start":{"line":41,"column":15},"end":{"line":41,"column":29}},"loc":{"start":{"line":41,"column":32},"end":{"line":43,"column":1}},"line":41}},"branchMap":{},"s":{"0":2,"1":2,"2":2,"3":2,"4":2,"5":2,"6":2,"7":31,"8":31,"9":2,"10":2},"f":{"0":2,"1":31,"2":31,"3":2},"b":{},"_coverageSchema":"1a1c01bbd47fc00a2c39e90264f33305004495a9","hash":"3439fe1bab34cfddd3723dced35181e59c796c2d"}
,"/home/jesse/Springboard/Projects/Unit37Jobly/models/company.js": {"path":"/home/jesse/Springboard/Projects/Unit37Jobly/models/company.js","statementMap":{"0":{"start":{"line":3,"column":11},"end":{"line":3,"column":27}},"1":{"start":{"line":8,"column":4},"end":{"line":8,"column":30}},"2":{"start":{"line":9,"column":52},"end":{"line":9,"column":77}},"3":{"start":{"line":24,"column":27},"end":{"line":29,"column":5}},"4":{"start":{"line":31,"column":4},"end":{"line":32,"column":64}},"5":{"start":{"line":32,"column":6},"end":{"line":32,"column":64}},"6":{"start":{"line":34,"column":19},"end":{"line":40,"column":5}},"7":{"start":{"line":41,"column":20},"end":{"line":41,"column":34}},"8":{"start":{"line":43,"column":4},"end":{"line":43,"column":19}},"9":{"start":{"line":52,"column":25},"end":{"line":60,"column":5}},"10":{"start":{"line":61,"column":4},"end":{"line":61,"column":29}},"11":{"start":{"line":71,"column":22},"end":{"line":71,"column":49}},"12":{"start":{"line":72,"column":21},"end":{"line":79,"column":25}},"13":{"start":{"line":81,"column":25},"end":{"line":81,"column":49}},"14":{"start":{"line":82,"column":4},"end":{"line":84,"column":5}},"15":{"start":{"line":83,"column":6},"end":{"line":83,"column":79}},"16":{"start":{"line":85,"column":4},"end":{"line":85,"column":29}},"17":{"start":{"line":97,"column":23},"end":{"line":106,"column":5}},"18":{"start":{"line":108,"column":20},"end":{"line":108,"column":38}},"19":{"start":{"line":110,"column":4},"end":{"line":110,"column":67}},"20":{"start":{"line":110,"column":18},"end":{"line":110,"column":67}},"21":{"start":{"line":112,"column":4},"end":{"line":112,"column":19}},"22":{"start":{"line":128,"column":32},"end":{"line":131,"column":6}},"23":{"start":{"line":132,"column":25},"end":{"line":132,"column":50}},"24":{"start":{"line":134,"column":21},"end":{"line":141,"column":54}},"25":{"start":{"line":142,"column":19},"end":{"line":142,"column":64}},"26":{"start":{"line":143,"column":20},"end":{"line":143,"column":34}},"27":{"start":{"line":145,"column":4},"end":{"line":145,"column":67}},"28":{"start":{"line":145,"column":18},"end":{"line":145,"column":67}},"29":{"start":{"line":147,"column":4},"end":{"line":147,"column":19}},"30":{"start":{"line":156,"column":19},"end":{"line":162,"column":5}},"31":{"start":{"line":163,"column":20},"end":{"line":163,"column":34}},"32":{"start":{"line":165,"column":4},"end":{"line":165,"column":67}},"33":{"start":{"line":165,"column":18},"end":{"line":165,"column":67}},"34":{"start":{"line":169,"column":0},"end":{"line":169,"column":25}}},"fnMap":{"0":{"name":"(anonymous_0)","decl":{"start":{"line":23,"column":2},"end":{"line":23,"column":3}},"loc":{"start":{"line":23,"column":76},"end":{"line":44,"column":3}},"line":23},"1":{"name":"(anonymous_1)","decl":{"start":{"line":51,"column":2},"end":{"line":51,"column":3}},"loc":{"start":{"line":51,"column":25},"end":{"line":62,"column":3}},"line":51},"2":{"name":"(anonymous_2)","decl":{"start":{"line":70,"column":2},"end":{"line":70,"column":3}},"loc":{"start":{"line":70,"column":37},"end":{"line":86,"column":3}},"line":70},"3":{"name":"(anonymous_3)","decl":{"start":{"line":96,"column":2},"end":{"line":96,"column":3}},"loc":{"start":{"line":96,"column":27},"end":{"line":113,"column":3}},"line":96},"4":{"name":"(anonymous_4)","decl":{"start":{"line":127,"column":2},"end":{"line":127,"column":3}},"loc":{"start":{"line":127,"column":36},"end":{"line":148,"column":3}},"line":127},"5":{"name":"(anonymous_5)","decl":{"start":{"line":155,"column":2},"end":{"line":155,"column":3}},"loc":{"start":{"line":155,"column":30},"end":{"line":166,"column":3}},"line":155}},"branchMap":{"0":{"loc":{"start":{"line":31,"column":4},"end":{"line":32,"column":64}},"type":"if","locations":[{"start":{"line":31,"column":4},"end":{"line":32,"column":64}},{"start":{},"end":{}}],"line":31},"1":{"loc":{"start":{"line":82,"column":4},"end":{"line":84,"column":5}},"type":"if","locations":[{"start":{"line":82,"column":4},"end":{"line":84,"column":5}},{"start":{},"end":{}}],"line":82},"2":{"loc":{"start":{"line":110,"column":4},"end":{"line":110,"column":67}},"type":"if","locations":[{"start":{"line":110,"column":4},"end":{"line":110,"column":67}},{"start":{},"end":{}}],"line":110},"3":{"loc":{"start":{"line":145,"column":4},"end":{"line":145,"column":67}},"type":"if","locations":[{"start":{"line":145,"column":4},"end":{"line":145,"column":67}},{"start":{},"end":{}}],"line":145},"4":{"loc":{"start":{"line":165,"column":4},"end":{"line":165,"column":67}},"type":"if","locations":[{"start":{"line":165,"column":4},"end":{"line":165,"column":67}},{"start":{},"end":{}}],"line":165}},"s":{"0":5,"1":5,"2":5,"3":13,"4":13,"5":1,"6":12,"7":12,"8":12,"9":3,"10":2,"11":8,"12":8,"13":8,"14":8,"15":1,"16":7,"17":5,"18":5,"19":5,"20":2,"21":3,"22":6,"23":5,"24":5,"25":5,"26":5,"27":5,"28":2,"29":3,"30":4,"31":4,"32":4,"33":2,"34":5},"f":{"0":13,"1":3,"2":8,"3":5,"4":6,"5":4},"b":{"0":[1,12],"1":[1,7],"2":[2,3],"3":[2,3],"4":[2,2]},"_coverageSchema":"1a1c01bbd47fc00a2c39e90264f33305004495a9","hash":"e54027501763f6cc7381e0262726989e7077cc08"}
,"/home/jesse/Springboard/Projects/Unit37Jobly/models/user.js": {"path":"/home/jesse/Springboard/Projects/Unit37Jobly/models/user.js","statementMap":{"0":{"start":{"line":3,"column":11},"end":{"line":3,"column":27}},"1":{"start":{"line":4,"column":15},"end":{"line":4,"column":32}},"2":{"start":{"line":5,"column":32},"end":{"line":5,"column":57}},"3":{"start":{"line":10,"column":4},"end":{"line":10,"column":30}},"4":{"start":{"line":12,"column":31},"end":{"line":12,"column":54}},"5":{"start":{"line":26,"column":19},"end":{"line":36,"column":5}},"6":{"start":{"line":38,"column":17},"end":{"line":38,"column":31}},"7":{"start":{"line":40,"column":4},"end":{"line":47,"column":5}},"8":{"start":{"line":42,"column":22},"end":{"line":42,"column":67}},"9":{"start":{"line":43,"column":6},"end":{"line":46,"column":7}},"10":{"start":{"line":44,"column":8},"end":{"line":44,"column":29}},"11":{"start":{"line":45,"column":8},"end":{"line":45,"column":20}},"12":{"start":{"line":49,"column":4},"end":{"line":49,"column":61}},"13":{"start":{"line":61,"column":27},"end":{"line":66,"column":5}},"14":{"start":{"line":68,"column":4},"end":{"line":70,"column":5}},"15":{"start":{"line":69,"column":6},"end":{"line":69,"column":67}},"16":{"start":{"line":72,"column":27},"end":{"line":72,"column":74}},"17":{"start":{"line":74,"column":19},"end":{"line":92,"column":5}},"18":{"start":{"line":94,"column":17},"end":{"line":94,"column":31}},"19":{"start":{"line":96,"column":4},"end":{"line":96,"column":16}},"20":{"start":{"line":105,"column":19},"end":{"line":113,"column":5}},"21":{"start":{"line":115,"column":4},"end":{"line":115,"column":23}},"22":{"start":{"line":127,"column":20},"end":{"line":136,"column":5}},"23":{"start":{"line":138,"column":17},"end":{"line":138,"column":32}},"24":{"start":{"line":140,"column":4},"end":{"line":140,"column":63}},"25":{"start":{"line":140,"column":15},"end":{"line":140,"column":63}},"26":{"start":{"line":142,"column":4},"end":{"line":142,"column":16}},"27":{"start":{"line":163,"column":4},"end":{"line":165,"column":5}},"28":{"start":{"line":164,"column":6},"end":{"line":164,"column":75}},"29":{"start":{"line":167,"column":32},"end":{"line":173,"column":10}},"30":{"start":{"line":174,"column":27},"end":{"line":174,"column":52}},"31":{"start":{"line":176,"column":21},"end":{"line":183,"column":54}},"32":{"start":{"line":184,"column":19},"end":{"line":184,"column":66}},"33":{"start":{"line":185,"column":17},"end":{"line":185,"column":31}},"34":{"start":{"line":187,"column":4},"end":{"line":187,"column":63}},"35":{"start":{"line":187,"column":15},"end":{"line":187,"column":63}},"36":{"start":{"line":189,"column":4},"end":{"line":189,"column":25}},"37":{"start":{"line":190,"column":4},"end":{"line":190,"column":16}},"38":{"start":{"line":196,"column":17},"end":{"line":202,"column":5}},"39":{"start":{"line":203,"column":17},"end":{"line":203,"column":31}},"40":{"start":{"line":205,"column":4},"end":{"line":205,"column":63}},"41":{"start":{"line":205,"column":15},"end":{"line":205,"column":63}},"42":{"start":{"line":210,"column":0},"end":{"line":210,"column":22}}},"fnMap":{"0":{"name":"(anonymous_0)","decl":{"start":{"line":24,"column":2},"end":{"line":24,"column":3}},"loc":{"start":{"line":24,"column":48},"end":{"line":50,"column":3}},"line":24},"1":{"name":"(anonymous_1)","decl":{"start":{"line":59,"column":2},"end":{"line":59,"column":3}},"loc":{"start":{"line":60,"column":67},"end":{"line":97,"column":3}},"line":60},"2":{"name":"(anonymous_2)","decl":{"start":{"line":104,"column":2},"end":{"line":104,"column":3}},"loc":{"start":{"line":104,"column":25},"end":{"line":116,"column":3}},"line":104},"3":{"name":"(anonymous_3)","decl":{"start":{"line":126,"column":2},"end":{"line":126,"column":3}},"loc":{"start":{"line":126,"column":29},"end":{"line":143,"column":3}},"line":126},"4":{"name":"(anonymous_4)","decl":{"start":{"line":162,"column":2},"end":{"line":162,"column":3}},"loc":{"start":{"line":162,"column":38},"end":{"line":191,"column":3}},"line":162},"5":{"name":"(anonymous_5)","decl":{"start":{"line":195,"column":2},"end":{"line":195,"column":3}},"loc":{"start":{"line":195,"column":32},"end":{"line":206,"column":3}},"line":195}},"branchMap":{"0":{"loc":{"start":{"line":40,"column":4},"end":{"line":47,"column":5}},"type":"if","locations":[{"start":{"line":40,"column":4},"end":{"line":47,"column":5}},{"start":{},"end":{}}],"line":40},"1":{"loc":{"start":{"line":43,"column":6},"end":{"line":46,"column":7}},"type":"if","locations":[{"start":{"line":43,"column":6},"end":{"line":46,"column":7}},{"start":{},"end":{}}],"line":43},"2":{"loc":{"start":{"line":68,"column":4},"end":{"line":70,"column":5}},"type":"if","locations":[{"start":{"line":68,"column":4},"end":{"line":70,"column":5}},{"start":{},"end":{}}],"line":68},"3":{"loc":{"start":{"line":140,"column":4},"end":{"line":140,"column":63}},"type":"if","locations":[{"start":{"line":140,"column":4},"end":{"line":140,"column":63}},{"start":{},"end":{}}],"line":140},"4":{"loc":{"start":{"line":163,"column":4},"end":{"line":165,"column":5}},"type":"if","locations":[{"start":{"line":163,"column":4},"end":{"line":165,"column":5}},{"start":{},"end":{}}],"line":163},"5":{"loc":{"start":{"line":187,"column":4},"end":{"line":187,"column":63}},"type":"if","locations":[{"start":{"line":187,"column":4},"end":{"line":187,"column":63}},{"start":{},"end":{}}],"line":187},"6":{"loc":{"start":{"line":205,"column":4},"end":{"line":205,"column":63}},"type":"if","locations":[{"start":{"line":205,"column":4},"end":{"line":205,"column":63}},{"start":{},"end":{}}],"line":205}},"s":{"0":5,"1":5,"2":5,"3":5,"4":5,"5":7,"6":7,"7":7,"8":4,"9":4,"10":3,"11":3,"12":4,"13":16,"14":16,"15":1,"16":15,"17":15,"18":15,"19":15,"20":3,"21":2,"22":5,"23":5,"24":5,"25":2,"26":3,"27":8,"28":2,"29":8,"30":7,"31":7,"32":7,"33":7,"34":7,"35":2,"36":5,"37":5,"38":5,"39":5,"40":5,"41":2,"42":5},"f":{"0":7,"1":16,"2":3,"3":5,"4":8,"5":5},"b":{"0":[4,3],"1":[3,1],"2":[1,15],"3":[2,3],"4":[2,6],"5":[2,5],"6":[2,3]},"_coverageSchema":"1a1c01bbd47fc00a2c39e90264f33305004495a9","hash":"82228cd46bb8ec5ba19cfead67746a963e01abe7"}
,"/home/jesse/Springboard/Projects/Unit37Jobly/routes/_testCommon.js": {"path":"/home/jesse/Springboard/Projects/Unit37Jobly/routes/_testCommon.js","statementMap":{"0":{"start":{"line":3,"column":11},"end":{"line":3,"column":30}},"1":{"start":{"line":4,"column":13},"end":{"line":4,"column":38}},"2":{"start":{"line":5,"column":16},"end":{"line":5,"column":44}},"3":{"start":{"line":6,"column":24},"end":{"line":6,"column":52}},"4":{"start":{"line":10,"column":2},"end":{"line":10,"column":38}},"5":{"start":{"line":12,"column":2},"end":{"line":12,"column":42}},"6":{"start":{"line":14,"column":2},"end":{"line":20,"column":5}},"7":{"start":{"line":21,"column":2},"end":{"line":27,"column":5}},"8":{"start":{"line":28,"column":2},"end":{"line":34,"column":5}},"9":{"start":{"line":36,"column":2},"end":{"line":43,"column":5}},"10":{"start":{"line":44,"column":2},"end":{"line":51,"column":5}},"11":{"start":{"line":52,"column":2},"end":{"line":59,"column":5}},"12":{"start":{"line":63,"column":2},"end":{"line":63,"column":26}},"13":{"start":{"line":67,"column":2},"end":{"line":67,"column":29}},"14":{"start":{"line":71,"column":2},"end":{"line":71,"column":17}},"15":{"start":{"line":74,"column":16},"end":{"line":74,"column":62}},"16":{"start":{"line":75,"column":16},"end":{"line":75,"column":63}},"17":{"start":{"line":77,"column":0},"end":{"line":84,"column":2}}},"fnMap":{"0":{"name":"commonBeforeAll","decl":{"start":{"line":8,"column":15},"end":{"line":8,"column":30}},"loc":{"start":{"line":8,"column":33},"end":{"line":60,"column":1}},"line":8},"1":{"name":"commonBeforeEach","decl":{"start":{"line":62,"column":15},"end":{"line":62,"column":31}},"loc":{"start":{"line":62,"column":34},"end":{"line":64,"column":1}},"line":62},"2":{"name":"commonAfterEach","decl":{"start":{"line":66,"column":15},"end":{"line":66,"column":30}},"loc":{"start":{"line":66,"column":33},"end":{"line":68,"column":1}},"line":66},"3":{"name":"commonAfterAll","decl":{"start":{"line":70,"column":15},"end":{"line":70,"column":29}},"loc":{"start":{"line":70,"column":32},"end":{"line":72,"column":1}},"line":70}},"branchMap":{},"s":{"0":3,"1":3,"2":3,"3":3,"4":3,"5":3,"6":3,"7":3,"8":3,"9":3,"10":3,"11":3,"12":57,"13":57,"14":3,"15":3,"16":3,"17":3},"f":{"0":3,"1":57,"2":57,"3":3},"b":{},"_coverageSchema":"1a1c01bbd47fc00a2c39e90264f33305004495a9","hash":"145fd99bf171bafb1cbf6cf47b8b7c7be4df76a4"}
,"/home/jesse/Springboard/Projects/Unit37Jobly/routes/auth.js": {"path":"/home/jesse/Springboard/Projects/Unit37Jobly/routes/auth.js","statementMap":{"0":{"start":{"line":5,"column":19},"end":{"line":5,"column":40}},"1":{"start":{"line":7,"column":13},"end":{"line":7,"column":38}},"2":{"start":{"line":8,"column":16},"end":{"line":8,"column":34}},"3":{"start":{"line":9,"column":15},"end":{"line":9,"column":35}},"4":{"start":{"line":10,"column":24},"end":{"line":10,"column":52}},"5":{"start":{"line":11,"column":23},"end":{"line":11,"column":58}},"6":{"start":{"line":12,"column":27},"end":{"line":12,"column":66}},"7":{"start":{"line":13,"column":28},"end":{"line":13,"column":54}},"8":{"start":{"line":22,"column":0},"end":{"line":37,"column":3}},"9":{"start":{"line":23,"column":2},"end":{"line":36,"column":3}},"10":{"start":{"line":24,"column":22},"end":{"line":24,"column":67}},"11":{"start":{"line":25,"column":4},"end":{"line":28,"column":5}},"12":{"start":{"line":26,"column":19},"end":{"line":26,"column":55}},"13":{"start":{"line":26,"column":47},"end":{"line":26,"column":54}},"14":{"start":{"line":27,"column":6},"end":{"line":27,"column":38}},"15":{"start":{"line":30,"column":35},"end":{"line":30,"column":43}},"16":{"start":{"line":31,"column":17},"end":{"line":31,"column":60}},"17":{"start":{"line":32,"column":18},"end":{"line":32,"column":35}},"18":{"start":{"line":33,"column":4},"end":{"line":33,"column":31}},"19":{"start":{"line":35,"column":4},"end":{"line":35,"column":21}},"20":{"start":{"line":48,"column":0},"end":{"line":62,"column":3}},"21":{"start":{"line":49,"column":2},"end":{"line":61,"column":3}},"22":{"start":{"line":50,"column":22},"end":{"line":50,"column":71}},"23":{"start":{"line":51,"column":4},"end":{"line":54,"column":5}},"24":{"start":{"line":52,"column":19},"end":{"line":52,"column":55}},"25":{"start":{"line":52,"column":47},"end":{"line":52,"column":54}},"26":{"start":{"line":53,"column":6},"end":{"line":53,"column":38}},"27":{"start":{"line":56,"column":20},"end":{"line":56,"column":72}},"28":{"start":{"line":57,"column":18},"end":{"line":57,"column":38}},"29":{"start":{"line":58,"column":4},"end":{"line":58,"column":43}},"30":{"start":{"line":60,"column":4},"end":{"line":60,"column":21}},"31":{"start":{"line":64,"column":0},"end":{"line":64,"column":24}}},"fnMap":{"0":{"name":"(anonymous_0)","decl":{"start":{"line":22,"column":22},"end":{"line":22,"column":23}},"loc":{"start":{"line":22,"column":54},"end":{"line":37,"column":1}},"line":22},"1":{"name":"(anonymous_1)","decl":{"start":{"line":26,"column":40},"end":{"line":26,"column":41}},"loc":{"start":{"line":26,"column":47},"end":{"line":26,"column":54}},"line":26},"2":{"name":"(anonymous_2)","decl":{"start":{"line":48,"column":25},"end":{"line":48,"column":26}},"loc":{"start":{"line":48,"column":57},"end":{"line":62,"column":1}},"line":48},"3":{"name":"(anonymous_3)","decl":{"start":{"line":52,"column":40},"end":{"line":52,"column":41}},"loc":{"start":{"line":52,"column":47},"end":{"line":52,"column":54}},"line":52}},"branchMap":{"0":{"loc":{"start":{"line":25,"column":4},"end":{"line":28,"column":5}},"type":"if","locations":[{"start":{"line":25,"column":4},"end":{"line":28,"column":5}},{"start":{},"end":{}}],"line":25},"1":{"loc":{"start":{"line":51,"column":4},"end":{"line":54,"column":5}},"type":"if","locations":[{"start":{"line":51,"column":4},"end":{"line":54,"column":5}},{"start":{},"end":{}}],"line":51}},"s":{"0":4,"1":4,"2":4,"3":4,"4":4,"5":4,"6":4,"7":4,"8":4,"9":5,"10":5,"11":5,"12":2,"13":2,"14":2,"15":3,"16":3,"17":1,"18":1,"19":4,"20":4,"21":3,"22":3,"23":3,"24":2,"25":5,"26":2,"27":1,"28":1,"29":1,"30":2,"31":4},"f":{"0":5,"1":2,"2":3,"3":5},"b":{"0":[2,3],"1":[2,1]},"_coverageSchema":"1a1c01bbd47fc00a2c39e90264f33305004495a9","hash":"de96b65a91943474b7b3d3642cd709a85ade42f0"}
,"/home/jesse/Springboard/Projects/Unit37Jobly/routes/companies.js": {"path":"/home/jesse/Springboard/Projects/Unit37Jobly/routes/companies.js","statementMap":{"0":{"start":{"line":5,"column":19},"end":{"line":5,"column":40}},"1":{"start":{"line":6,"column":16},"end":{"line":6,"column":34}},"2":{"start":{"line":8,"column":28},"end":{"line":8,"column":54}},"3":{"start":{"line":9,"column":42},"end":{"line":9,"column":71}},"4":{"start":{"line":10,"column":16},"end":{"line":10,"column":44}},"5":{"start":{"line":12,"column":25},"end":{"line":12,"column":62}},"6":{"start":{"line":13,"column":28},"end":{"line":13,"column":68}},"7":{"start":{"line":15,"column":15},"end":{"line":15,"column":35}},"8":{"start":{"line":27,"column":0},"end":{"line":40,"column":3}},"9":{"start":{"line":28,"column":2},"end":{"line":39,"column":3}},"10":{"start":{"line":29,"column":22},"end":{"line":29,"column":69}},"11":{"start":{"line":30,"column":4},"end":{"line":33,"column":5}},"12":{"start":{"line":31,"column":19},"end":{"line":31,"column":55}},"13":{"start":{"line":31,"column":47},"end":{"line":31,"column":54}},"14":{"start":{"line":32,"column":6},"end":{"line":32,"column":38}},"15":{"start":{"line":35,"column":20},"end":{"line":35,"column":50}},"16":{"start":{"line":36,"column":4},"end":{"line":36,"column":45}},"17":{"start":{"line":38,"column":4},"end":{"line":38,"column":21}},"18":{"start":{"line":54,"column":0},"end":{"line":73,"column":3}},"19":{"start":{"line":55,"column":2},"end":{"line":72,"column":3}},"20":{"start":{"line":59,"column":53},"end":{"line":59,"column":62}},"21":{"start":{"line":60,"column":4},"end":{"line":68,"column":5}},"22":{"start":{"line":61,"column":22},"end":{"line":61,"column":62}},"23":{"start":{"line":62,"column":6},"end":{"line":62,"column":54}},"24":{"start":{"line":67,"column":6},"end":{"line":67,"column":42}},"25":{"start":{"line":69,"column":4},"end":{"line":69,"column":35}},"26":{"start":{"line":71,"column":4},"end":{"line":71,"column":21}},"27":{"start":{"line":83,"column":0},"end":{"line":90,"column":3}},"28":{"start":{"line":84,"column":2},"end":{"line":89,"column":3}},"29":{"start":{"line":85,"column":20},"end":{"line":85,"column":56}},"30":{"start":{"line":86,"column":4},"end":{"line":86,"column":33}},"31":{"start":{"line":88,"column":4},"end":{"line":88,"column":21}},"32":{"start":{"line":104,"column":0},"end":{"line":117,"column":3}},"33":{"start":{"line":105,"column":2},"end":{"line":116,"column":3}},"34":{"start":{"line":106,"column":22},"end":{"line":106,"column":72}},"35":{"start":{"line":107,"column":4},"end":{"line":110,"column":5}},"36":{"start":{"line":108,"column":19},"end":{"line":108,"column":55}},"37":{"start":{"line":108,"column":47},"end":{"line":108,"column":54}},"38":{"start":{"line":109,"column":6},"end":{"line":109,"column":38}},"39":{"start":{"line":112,"column":20},"end":{"line":112,"column":69}},"40":{"start":{"line":113,"column":4},"end":{"line":113,"column":33}},"41":{"start":{"line":115,"column":4},"end":{"line":115,"column":21}},"42":{"start":{"line":125,"column":0},"end":{"line":132,"column":3}},"43":{"start":{"line":126,"column":2},"end":{"line":131,"column":3}},"44":{"start":{"line":127,"column":4},"end":{"line":127,"column":44}},"45":{"start":{"line":128,"column":4},"end":{"line":128,"column":52}},"46":{"start":{"line":130,"column":4},"end":{"line":130,"column":21}},"47":{"start":{"line":134,"column":0},"end":{"line":134,"column":24}}},"fnMap":{"0":{"name":"(anonymous_0)","decl":{"start":{"line":27,"column":32},"end":{"line":27,"column":33}},"loc":{"start":{"line":27,"column":64},"end":{"line":40,"column":1}},"line":27},"1":{"name":"(anonymous_1)","decl":{"start":{"line":31,"column":40},"end":{"line":31,"column":41}},"loc":{"start":{"line":31,"column":47},"end":{"line":31,"column":54}},"line":31},"2":{"name":"(anonymous_2)","decl":{"start":{"line":54,"column":16},"end":{"line":54,"column":17}},"loc":{"start":{"line":54,"column":48},"end":{"line":73,"column":1}},"line":54},"3":{"name":"(anonymous_3)","decl":{"start":{"line":83,"column":23},"end":{"line":83,"column":24}},"loc":{"start":{"line":83,"column":55},"end":{"line":90,"column":1}},"line":83},"4":{"name":"(anonymous_4)","decl":{"start":{"line":104,"column":40},"end":{"line":104,"column":41}},"loc":{"start":{"line":104,"column":72},"end":{"line":117,"column":1}},"line":104},"5":{"name":"(anonymous_5)","decl":{"start":{"line":108,"column":40},"end":{"line":108,"column":41}},"loc":{"start":{"line":108,"column":47},"end":{"line":108,"column":54}},"line":108},"6":{"name":"(anonymous_6)","decl":{"start":{"line":125,"column":41},"end":{"line":125,"column":42}},"loc":{"start":{"line":125,"column":73},"end":{"line":132,"column":1}},"line":125}},"branchMap":{"0":{"loc":{"start":{"line":30,"column":4},"end":{"line":33,"column":5}},"type":"if","locations":[{"start":{"line":30,"column":4},"end":{"line":33,"column":5}},{"start":{},"end":{}}],"line":30},"1":{"loc":{"start":{"line":60,"column":4},"end":{"line":68,"column":5}},"type":"if","locations":[{"start":{"line":60,"column":4},"end":{"line":68,"column":5}},{"start":{"line":66,"column":9},"end":{"line":68,"column":5}}],"line":60},"2":{"loc":{"start":{"line":60,"column":8},"end":{"line":60,"column":48}},"type":"binary-expr","locations":[{"start":{"line":60,"column":8},"end":{"line":60,"column":16}},{"start":{"line":60,"column":20},"end":{"line":60,"column":32}},{"start":{"line":60,"column":36},"end":{"line":60,"column":48}}],"line":60},"3":{"loc":{"start":{"line":107,"column":4},"end":{"line":110,"column":5}},"type":"if","locations":[{"start":{"line":107,"column":4},"end":{"line":110,"column":5}},{"start":{},"end":{}}],"line":107}},"s":{"0":4,"1":4,"2":4,"3":4,"4":4,"5":4,"6":4,"7":4,"8":4,"9":3,"10":3,"11":3,"12":2,"13":3,"14":2,"15":1,"16":1,"17":2,"18":4,"19":5,"20":5,"21":5,"22":3,"23":3,"24":2,"25":4,"26":1,"27":4,"28":3,"29":3,"30":2,"31":1,"32":4,"33":4,"34":4,"35":4,"36":2,"37":2,"38":2,"39":2,"40":1,"41":3,"42":4,"43":2,"44":2,"45":1,"46":1,"47":4},"f":{"0":3,"1":3,"2":5,"3":3,"4":4,"5":2,"6":2},"b":{"0":[2,1],"1":[3,2],"2":[5,2,2],"3":[2,2]},"_coverageSchema":"1a1c01bbd47fc00a2c39e90264f33305004495a9","hash":"1f3ebce57965f8c4d0a9c4de96129460a332fc8e"}
,"/home/jesse/Springboard/Projects/Unit37Jobly/routes/users.js": {"path":"/home/jesse/Springboard/Projects/Unit37Jobly/routes/users.js","statementMap":{"0":{"start":{"line":5,"column":19},"end":{"line":5,"column":40}},"1":{"start":{"line":7,"column":16},"end":{"line":7,"column":34}},"2":{"start":{"line":8,"column":42},"end":{"line":8,"column":71}},"3":{"start":{"line":9,"column":47},"end":{"line":9,"column":73}},"4":{"start":{"line":10,"column":13},"end":{"line":10,"column":38}},"5":{"start":{"line":11,"column":24},"end":{"line":11,"column":52}},"6":{"start":{"line":12,"column":22},"end":{"line":12,"column":56}},"7":{"start":{"line":13,"column":25},"end":{"line":13,"column":62}},"8":{"start":{"line":14,"column":34},"end":{"line":14,"column":70}},"9":{"start":{"line":16,"column":15},"end":{"line":16,"column":31}},"10":{"start":{"line":31,"column":0},"end":{"line":45,"column":3}},"11":{"start":{"line":32,"column":2},"end":{"line":44,"column":3}},"12":{"start":{"line":33,"column":22},"end":{"line":33,"column":66}},"13":{"start":{"line":34,"column":4},"end":{"line":37,"column":5}},"14":{"start":{"line":35,"column":19},"end":{"line":35,"column":55}},"15":{"start":{"line":35,"column":47},"end":{"line":35,"column":54}},"16":{"start":{"line":36,"column":6},"end":{"line":36,"column":38}},"17":{"start":{"line":39,"column":17},"end":{"line":39,"column":46}},"18":{"start":{"line":40,"column":18},"end":{"line":40,"column":35}},"19":{"start":{"line":41,"column":4},"end":{"line":41,"column":49}},"20":{"start":{"line":43,"column":4},"end":{"line":43,"column":21}},"21":{"start":{"line":55,"column":0},"end":{"line":62,"column":3}},"22":{"start":{"line":56,"column":2},"end":{"line":61,"column":3}},"23":{"start":{"line":57,"column":18},"end":{"line":57,"column":38}},"24":{"start":{"line":58,"column":4},"end":{"line":58,"column":31}},"25":{"start":{"line":60,"column":4},"end":{"line":60,"column":21}},"26":{"start":{"line":71,"column":0},"end":{"line":85,"column":3}},"27":{"start":{"line":72,"column":2},"end":{"line":84,"column":3}},"28":{"start":{"line":74,"column":4},"end":{"line":79,"column":5}},"29":{"start":{"line":78,"column":6},"end":{"line":78,"column":36}},"30":{"start":{"line":80,"column":17},"end":{"line":80,"column":52}},"31":{"start":{"line":81,"column":4},"end":{"line":81,"column":30}},"32":{"start":{"line":83,"column":4},"end":{"line":83,"column":21}},"33":{"start":{"line":97,"column":0},"end":{"line":117,"column":3}},"34":{"start":{"line":98,"column":2},"end":{"line":116,"column":3}},"35":{"start":{"line":100,"column":4},"end":{"line":105,"column":5}},"36":{"start":{"line":104,"column":6},"end":{"line":104,"column":36}},"37":{"start":{"line":106,"column":22},"end":{"line":106,"column":69}},"38":{"start":{"line":107,"column":4},"end":{"line":110,"column":5}},"39":{"start":{"line":108,"column":19},"end":{"line":108,"column":55}},"40":{"start":{"line":108,"column":47},"end":{"line":108,"column":54}},"41":{"start":{"line":109,"column":6},"end":{"line":109,"column":38}},"42":{"start":{"line":112,"column":17},"end":{"line":112,"column":65}},"43":{"start":{"line":113,"column":4},"end":{"line":113,"column":30}},"44":{"start":{"line":115,"column":4},"end":{"line":115,"column":21}},"45":{"start":{"line":124,"column":0},"end":{"line":138,"column":3}},"46":{"start":{"line":125,"column":2},"end":{"line":137,"column":3}},"47":{"start":{"line":127,"column":4},"end":{"line":132,"column":5}},"48":{"start":{"line":131,"column":6},"end":{"line":131,"column":36}},"49":{"start":{"line":133,"column":4},"end":{"line":133,"column":43}},"50":{"start":{"line":134,"column":4},"end":{"line":134,"column":54}},"51":{"start":{"line":136,"column":4},"end":{"line":136,"column":21}},"52":{"start":{"line":140,"column":0},"end":{"line":140,"column":24}}},"fnMap":{"0":{"name":"(anonymous_0)","decl":{"start":{"line":31,"column":32},"end":{"line":31,"column":33}},"loc":{"start":{"line":31,"column":64},"end":{"line":45,"column":1}},"line":31},"1":{"name":"(anonymous_1)","decl":{"start":{"line":35,"column":40},"end":{"line":35,"column":41}},"loc":{"start":{"line":35,"column":47},"end":{"line":35,"column":54}},"line":35},"2":{"name":"(anonymous_2)","decl":{"start":{"line":55,"column":31},"end":{"line":55,"column":32}},"loc":{"start":{"line":55,"column":63},"end":{"line":62,"column":1}},"line":55},"3":{"name":"(anonymous_3)","decl":{"start":{"line":71,"column":41},"end":{"line":71,"column":42}},"loc":{"start":{"line":71,"column":73},"end":{"line":85,"column":1}},"line":71},"4":{"name":"(anonymous_4)","decl":{"start":{"line":97,"column":43},"end":{"line":97,"column":44}},"loc":{"start":{"line":97,"column":75},"end":{"line":117,"column":1}},"line":97},"5":{"name":"(anonymous_5)","decl":{"start":{"line":108,"column":40},"end":{"line":108,"column":41}},"loc":{"start":{"line":108,"column":47},"end":{"line":108,"column":54}},"line":108},"6":{"name":"(anonymous_6)","decl":{"start":{"line":124,"column":44},"end":{"line":124,"column":45}},"loc":{"start":{"line":124,"column":76},"end":{"line":138,"column":1}},"line":124}},"branchMap":{"0":{"loc":{"start":{"line":34,"column":4},"end":{"line":37,"column":5}},"type":"if","locations":[{"start":{"line":34,"column":4},"end":{"line":37,"column":5}},{"start":{},"end":{}}],"line":34},"1":{"loc":{"start":{"line":74,"column":4},"end":{"line":79,"column":5}},"type":"if","locations":[{"start":{"line":74,"column":4},"end":{"line":79,"column":5}},{"start":{},"end":{}}],"line":74},"2":{"loc":{"start":{"line":75,"column":6},"end":{"line":76,"column":30}},"type":"binary-expr","locations":[{"start":{"line":75,"column":6},"end":{"line":75,"column":53}},{"start":{"line":76,"column":6},"end":{"line":76,"column":30}}],"line":75},"3":{"loc":{"start":{"line":100,"column":4},"end":{"line":105,"column":5}},"type":"if","locations":[{"start":{"line":100,"column":4},"end":{"line":105,"column":5}},{"start":{},"end":{}}],"line":100},"4":{"loc":{"start":{"line":101,"column":6},"end":{"line":102,"column":30}},"type":"binary-expr","locations":[{"start":{"line":101,"column":6},"end":{"line":101,"column":53}},{"start":{"line":102,"column":6},"end":{"line":102,"column":30}}],"line":101},"5":{"loc":{"start":{"line":107,"column":4},"end":{"line":110,"column":5}},"type":"if","locations":[{"start":{"line":107,"column":4},"end":{"line":110,"column":5}},{"start":{},"end":{}}],"line":107},"6":{"loc":{"start":{"line":127,"column":4},"end":{"line":132,"column":5}},"type":"if","locations":[{"start":{"line":127,"column":4},"end":{"line":132,"column":5}},{"start":{},"end":{}}],"line":127},"7":{"loc":{"start":{"line":128,"column":6},"end":{"line":129,"column":30}},"type":"binary-expr","locations":[{"start":{"line":128,"column":6},"end":{"line":128,"column":53}},{"start":{"line":129,"column":6},"end":{"line":129,"column":30}}],"line":128}},"s":{"0":4,"1":4,"2":4,"3":4,"4":4,"5":4,"6":4,"7":4,"8":4,"9":4,"10":4,"11":4,"12":4,"13":4,"14":2,"15":5,"16":2,"17":2,"18":2,"19":2,"20":2,"21":4,"22":2,"23":2,"24":1,"25":1,"26":4,"27":4,"28":4,"29":1,"30":3,"31":2,"32":2,"33":4,"34":6,"35":6,"36":1,"37":5,"38":5,"39":1,"40":1,"41":1,"42":4,"43":3,"44":3,"45":4,"46":4,"47":4,"48":1,"49":3,"50":2,"51":2,"52":4},"f":{"0":4,"1":5,"2":2,"3":4,"4":6,"5":1,"6":4},"b":{"0":[2,2],"1":[1,3],"2":[4,3],"3":[1,5],"4":[6,3],"5":[1,4],"6":[1,3],"7":[4,3]},"_coverageSchema":"1a1c01bbd47fc00a2c39e90264f33305004495a9","hash":"5fd267640549e98b550423d340033eefe24c2c8c"}
}
