TN:
SF:app.js
FN:30,(anonymous_0)
FN:35,(anonymous_1)
FNF:2
FNH:2
FNDA:2,(anonymous_0)
FNDA:38,(anonymous_1)
DA:5,4
DA:6,4
DA:8,4
DA:10,4
DA:11,4
DA:12,4
DA:13,4
DA:15,4
DA:17,4
DA:19,4
DA:20,4
DA:21,4
DA:22,4
DA:24,4
DA:25,4
DA:26,4
DA:30,4
DA:31,2
DA:35,4
DA:36,38
DA:37,38
DA:38,38
DA:40,38
DA:45,4
LF:24
LH:24
BRDA:36,0,0,1
BRDA:36,0,1,37
BRDA:37,1,0,38
BRDA:37,1,1,2
BRF:4
BRH:4
end_of_record
TN:
SF:config.js
FN:13,getDatabaseUri
FNF:1
FNH:1
FNDA:18,getDatabaseUri
DA:5,9
DA:6,9
DA:8,9
DA:10,9
DA:14,18
DA:22,9
DA:24,9
DA:25,9
DA:26,9
DA:27,9
DA:28,9
DA:29,9
DA:31,9
LF:13
LH:13
BRDA:8,0,0,9
BRDA:8,0,1,8
BRDA:10,1,0,9
BRDA:10,1,1,8
BRDA:14,2,0,15
BRDA:14,2,1,3
BRDA:16,3,0,3
BRDA:16,3,1,1
BRDA:22,4,0,8
BRDA:22,4,1,1
BRF:10
BRH:10
end_of_record
TN:
SF:db.js
FNF:0
FNH:0
DA:3,6
DA:4,6
DA:8,6
DA:9,0
DA:16,6
DA:21,6
DA:23,6
LF:7
LH:6
BRDA:8,0,0,0
BRDA:8,0,1,6
BRF:2
BRH:1
end_of_record
TN:
SF:expressError.js
FN:8,(anonymous_0)
FN:18,(anonymous_1)
FN:26,(anonymous_2)
FN:34,(anonymous_3)
FN:42,(anonymous_4)
FNF:5
FNH:4
FNDA:51,(anonymous_0)
FNDA:14,(anonymous_1)
FNDA:20,(anonymous_2)
FNDA:16,(anonymous_3)
FNDA:0,(anonymous_4)
DA:9,51
DA:10,51
DA:11,51
DA:19,14
DA:27,20
DA:35,16
DA:43,0
DA:47,8
LF:8
LH:7
BRDA:18,0,0,2
BRDA:26,1,0,16
BRDA:34,2,0,0
BRDA:42,3,0,0
BRF:4
BRH:2
end_of_record
TN:
SF:helpers/sql.js
FN:26,sqlForPartialUpdate
FN:32,(anonymous_1)
FN:50,createSqlFilterStr
FNF:3
FNH:3
FNDA:16,sqlForPartialUpdate
FNDA:25,(anonymous_1)
FNDA:9,createSqlFilterStr
DA:1,7
DA:27,16
DA:28,16
DA:31,13
DA:32,25
DA:35,13
DA:51,9
DA:52,9
DA:53,9
DA:54,9
DA:55,0
DA:57,9
DA:58,0
DA:60,9
DA:61,5
DA:62,0
DA:68,9
DA:69,9
DA:70,8
DA:72,9
DA:73,7
DA:75,9
DA:76,5
DA:78,9
DA:79,9
DA:82,7
LF:26
LH:23
BRDA:28,0,0,3
BRDA:28,0,1,13
BRDA:32,1,0,25
BRDA:32,1,1,11
BRDA:54,2,0,0
BRDA:54,2,1,9
BRDA:54,3,0,9
BRDA:54,3,1,7
BRDA:57,4,0,0
BRDA:57,4,1,9
BRDA:57,5,0,9
BRDA:57,5,1,5
BRDA:60,6,0,5
BRDA:60,6,1,4
BRDA:60,7,0,9
BRDA:60,7,1,7
BRDA:61,8,0,0
BRDA:61,8,1,5
BRDA:69,9,0,8
BRDA:69,9,1,1
BRDA:72,10,0,7
BRDA:72,10,1,2
BRDA:75,11,0,5
BRDA:75,11,1,4
BRF:24
BRH:21
end_of_record
TN:
SF:helpers/tokens.js
FN:6,createToken
FNF:1
FNH:1
FNDA:13,createToken
DA:1,5
DA:2,5
DA:7,13
DA:10,13
DA:15,13
DA:18,5
LF:6
LH:6
BRDA:12,0,0,13
BRDA:12,0,1,7
BRF:2
BRH:2
end_of_record
TN:
SF:middleware/auth.js
FN:17,authenticateJWT
FN:35,ensureLoggedIn
FN:49,ensureIsAdmin
FNF:3
FNH:3
FNDA:62,authenticateJWT
FNDA:19,ensureLoggedIn
FNDA:24,ensureIsAdmin
DA:5,5
DA:6,5
DA:7,5
DA:18,62
DA:19,62
DA:20,62
DA:21,37
DA:22,37
DA:24,61
DA:26,1
DA:36,19
DA:37,19
DA:38,15
DA:40,4
DA:50,24
DA:51,24
DA:52,20
DA:53,15
DA:55,9
DA:59,5
LF:20
LH:20
BRDA:19,0,0,62
BRDA:19,0,1,61
BRDA:20,1,0,37
BRDA:20,1,1,25
BRDA:37,2,0,4
BRDA:37,2,1,15
BRDA:51,3,0,4
BRDA:51,3,1,20
BRDA:52,4,0,5
BRDA:52,4,1,15
BRF:10
BRH:10
end_of_record
TN:
SF:models/_testCommon.js
FN:6,commonBeforeAll
FN:33,commonBeforeEach
FN:37,commonAfterEach
FN:41,commonAfterAll
FNF:4
FNH:4
FNDA:2,commonBeforeAll
FNDA:31,commonBeforeEach
FNDA:31,commonAfterEach
FNDA:2,commonAfterAll
DA:1,2
DA:3,2
DA:4,2
DA:8,2
DA:10,2
DA:12,2
DA:18,2
DA:34,31
DA:38,31
DA:42,2
DA:46,2
LF:11
LH:11
BRF:0
BRH:0
end_of_record
TN:
SF:models/company.js
FN:23,(anonymous_0)
FN:51,(anonymous_1)
FN:70,(anonymous_2)
FN:96,(anonymous_3)
FN:127,(anonymous_4)
FN:155,(anonymous_5)
FNF:6
FNH:6
FNDA:13,(anonymous_0)
FNDA:3,(anonymous_1)
FNDA:8,(anonymous_2)
FNDA:5,(anonymous_3)
FNDA:6,(anonymous_4)
FNDA:4,(anonymous_5)
DA:3,5
DA:8,5
DA:9,5
DA:24,13
DA:31,13
DA:32,1
DA:34,12
DA:41,12
DA:43,12
DA:52,3
DA:61,2
DA:71,8
DA:72,8
DA:81,8
DA:82,8
DA:83,1
DA:85,7
DA:97,5
DA:108,5
DA:110,5
DA:112,3
DA:128,6
DA:132,5
DA:134,5
DA:142,5
DA:143,5
DA:145,5
DA:147,3
DA:156,4
DA:163,4
DA:165,4
DA:169,5
LF:32
LH:32
BRDA:31,0,0,1
BRDA:31,0,1,12
BRDA:82,1,0,1
BRDA:82,1,1,7
BRDA:110,2,0,2
BRDA:110,2,1,3
BRDA:145,3,0,2
BRDA:145,3,1,3
BRDA:165,4,0,2
BRDA:165,4,1,2
BRF:10
BRH:10
end_of_record
TN:
SF:models/user.js
FN:24,(anonymous_0)
FN:59,(anonymous_1)
FN:104,(anonymous_2)
FN:126,(anonymous_3)
FN:162,(anonymous_4)
FN:195,(anonymous_5)
FNF:6
FNH:6
FNDA:7,(anonymous_0)
FNDA:16,(anonymous_1)
FNDA:3,(anonymous_2)
FNDA:5,(anonymous_3)
FNDA:8,(anonymous_4)
FNDA:5,(anonymous_5)
DA:3,5
DA:4,5
DA:5,5
DA:10,5
DA:12,5
DA:26,7
DA:38,7
DA:40,7
DA:42,4
DA:43,4
DA:44,3
DA:45,3
DA:49,4
DA:61,16
DA:68,16
DA:69,1
DA:72,15
DA:74,15
DA:94,15
DA:96,15
DA:105,3
DA:115,2
DA:127,5
DA:138,5
DA:140,5
DA:142,3
DA:163,8
DA:164,2
DA:167,8
DA:174,7
DA:176,7
DA:184,7
DA:185,7
DA:187,7
DA:189,5
DA:190,5
DA:196,5
DA:203,5
DA:205,5
DA:210,5
LF:40
LH:40
BRDA:40,0,0,4
BRDA:40,0,1,3
BRDA:43,1,0,3
BRDA:43,1,1,1
BRDA:68,2,0,1
BRDA:68,2,1,15
BRDA:140,3,0,2
BRDA:140,3,1,3
BRDA:163,4,0,2
BRDA:163,4,1,6
BRDA:187,5,0,2
BRDA:187,5,1,5
BRDA:205,6,0,2
BRDA:205,6,1,3
BRF:14
BRH:14
end_of_record
TN:
SF:routes/_testCommon.js
FN:8,commonBeforeAll
FN:62,commonBeforeEach
FN:66,commonAfterEach
FN:70,commonAfterAll
FNF:4
FNH:4
FNDA:3,commonBeforeAll
FNDA:57,commonBeforeEach
FNDA:57,commonAfterEach
FNDA:3,commonAfterAll
DA:3,3
DA:4,3
DA:5,3
DA:6,3
DA:10,3
DA:12,3
DA:14,3
DA:21,3
DA:28,3
DA:36,3
DA:44,3
DA:52,3
DA:63,57
DA:67,57
DA:71,3
DA:74,3
DA:75,3
DA:77,3
LF:18
LH:18
BRF:0
BRH:0
end_of_record
TN:
SF:routes/auth.js
FN:22,(anonymous_0)
FN:26,(anonymous_1)
FN:48,(anonymous_2)
FN:52,(anonymous_3)
FNF:4
FNH:4
FNDA:5,(anonymous_0)
FNDA:2,(anonymous_1)
FNDA:3,(anonymous_2)
FNDA:5,(anonymous_3)
DA:5,4
DA:7,4
DA:8,4
DA:9,4
DA:10,4
DA:11,4
DA:12,4
DA:13,4
DA:22,4
DA:23,5
DA:24,5
DA:25,5
DA:26,2
DA:27,2
DA:30,3
DA:31,3
DA:32,1
DA:33,1
DA:35,4
DA:48,4
DA:49,3
DA:50,3
DA:51,3
DA:52,5
DA:53,2
DA:56,1
DA:57,1
DA:58,1
DA:60,2
DA:64,4
LF:30
LH:30
BRDA:25,0,0,2
BRDA:25,0,1,3
BRDA:51,1,0,2
BRDA:51,1,1,1
BRF:4
BRH:4
end_of_record
TN:
SF:routes/companies.js
FN:27,(anonymous_0)
FN:31,(anonymous_1)
FN:54,(anonymous_2)
FN:83,(anonymous_3)
FN:104,(anonymous_4)
FN:108,(anonymous_5)
FN:125,(anonymous_6)
FNF:7
FNH:7
FNDA:3,(anonymous_0)
FNDA:3,(anonymous_1)
FNDA:5,(anonymous_2)
FNDA:3,(anonymous_3)
FNDA:4,(anonymous_4)
FNDA:2,(anonymous_5)
FNDA:2,(anonymous_6)
DA:5,4
DA:6,4
DA:8,4
DA:9,4
DA:10,4
DA:12,4
DA:13,4
DA:15,4
DA:27,4
DA:28,3
DA:29,3
DA:30,3
DA:31,3
DA:32,2
DA:35,1
DA:36,1
DA:38,2
DA:54,4
DA:55,5
DA:59,5
DA:60,5
DA:61,3
DA:62,3
DA:67,2
DA:69,4
DA:71,1
DA:83,4
DA:84,3
DA:85,3
DA:86,2
DA:88,1
DA:104,4
DA:105,4
DA:106,4
DA:107,4
DA:108,2
DA:109,2
DA:112,2
DA:113,1
DA:115,3
DA:125,4
DA:126,2
DA:127,2
DA:128,1
DA:130,1
DA:134,4
LF:46
LH:46
BRDA:30,0,0,2
BRDA:30,0,1,1
BRDA:60,1,0,3
BRDA:60,1,1,2
BRDA:60,2,0,5
BRDA:60,2,1,2
BRDA:60,2,2,2
BRDA:107,3,0,2
BRDA:107,3,1,2
BRF:9
BRH:9
end_of_record
TN:
SF:routes/users.js
FN:31,(anonymous_0)
FN:35,(anonymous_1)
FN:55,(anonymous_2)
FN:71,(anonymous_3)
FN:97,(anonymous_4)
FN:108,(anonymous_5)
FN:124,(anonymous_6)
FNF:7
FNH:7
FNDA:4,(anonymous_0)
FNDA:5,(anonymous_1)
FNDA:2,(anonymous_2)
FNDA:4,(anonymous_3)
FNDA:6,(anonymous_4)
FNDA:1,(anonymous_5)
FNDA:4,(anonymous_6)
DA:5,4
DA:7,4
DA:8,4
DA:9,4
DA:10,4
DA:11,4
DA:12,4
DA:13,4
DA:14,4
DA:16,4
DA:31,4
DA:32,4
DA:33,4
DA:34,4
DA:35,5
DA:36,2
DA:39,2
DA:40,2
DA:41,2
DA:43,2
DA:55,4
DA:56,2
DA:57,2
DA:58,1
DA:60,1
DA:71,4
DA:72,4
DA:74,4
DA:78,1
DA:80,3
DA:81,2
DA:83,2
DA:97,4
DA:98,6
DA:100,6
DA:104,1
DA:106,5
DA:107,5
DA:108,1
DA:109,1
DA:112,4
DA:113,3
DA:115,3
DA:124,4
DA:125,4
DA:127,4
DA:131,1
DA:133,3
DA:134,2
DA:136,2
DA:140,4
LF:51
LH:51
BRDA:34,0,0,2
BRDA:34,0,1,2
BRDA:74,1,0,1
BRDA:74,1,1,3
BRDA:75,2,0,4
BRDA:75,2,1,3
BRDA:100,3,0,1
BRDA:100,3,1,5
BRDA:101,4,0,6
BRDA:101,4,1,3
BRDA:107,5,0,1
BRDA:107,5,1,4
BRDA:127,6,0,1
BRDA:127,6,1,3
BRDA:128,7,0,4
BRDA:128,7,1,3
BRF:16
BRH:16
end_of_record
